<?xml version="1.0" encoding="UTF-8" ?>
<testsuite tests="1" failures="0" name="com.daoimpl.TestUsers" time="3.746" errors="1" skipped="0">
  <properties>
[...]
</properties>
  <testcase classname="com.daoimpl.TestUsers" name="test" time="3.746">
    <error message="Duplicate entry &apos;allam@gmail.com&apos; for key &apos;email&apos;" type="org.hibernate.exception.ConstraintViolationException">org.hibernate.exception.ConstraintViolationException: Duplicate entry &apos;allam@gmail.com&apos; for key &apos;email&apos;
	at org.hibernate.exception.internal.SQLExceptionTypeDelegate.convert(SQLExceptionTypeDelegate.java:75)
	at org.hibernate.exception.internal.StandardSQLExceptionConverter.convert(StandardSQLExceptionConverter.java:49)
	at org.hibernate.engine.jdbc.spi.SqlExceptionHelper.convert(SqlExceptionHelper.java:125)
	at org.hibernate.engine.jdbc.spi.SqlExceptionHelper.convert(SqlExceptionHelper.java:110)
	at org.hibernate.engine.jdbc.internal.proxy.AbstractStatementProxyHandler.continueInvocation(AbstractStatementProxyHandler.java:129)
	at org.hibernate.engine.jdbc.internal.proxy.AbstractProxyHandler.invoke(AbstractProxyHandler.java:81)
	at com.sun.proxy.$Proxy34.executeUpdate(Unknown Source)
	at org.hibernate.id.IdentityGenerator$GetGeneratedKeysDelegate.executeAndExtract(IdentityGenerator.java:96)
	at org.hibernate.id.insert.AbstractReturningDelegate.performInsert(AbstractReturningDelegate.java:58)
	at org.hibernate.persister.entity.AbstractEntityPersister.insert(AbstractEntityPersister.java:2764)
	at org.hibernate.persister.entity.AbstractEntityPersister.insert(AbstractEntityPersister.java:3275)
	at org.hibernate.action.internal.EntityIdentityInsertAction.execute(EntityIdentityInsertAction.java:81)
	at org.hibernate.engine.spi.ActionQueue.execute(ActionQueue.java:362)
	at org.hibernate.engine.spi.ActionQueue.addResolvedEntityInsertAction(ActionQueue.java:203)
	at org.hibernate.engine.spi.ActionQueue.addInsertAction(ActionQueue.java:183)
	at org.hibernate.engine.spi.ActionQueue.addAction(ActionQueue.java:167)
	at org.hibernate.event.internal.AbstractSaveEventListener.addInsertAction(AbstractSaveEventListener.java:320)
	at org.hibernate.event.internal.AbstractSaveEventListener.performSaveOrReplicate(AbstractSaveEventListener.java:287)
	at org.hibernate.event.internal.AbstractSaveEventListener.performSave(AbstractSaveEventListener.java:193)
	at org.hibernate.event.internal.AbstractSaveEventListener.saveWithGeneratedId(AbstractSaveEventListener.java:126)
	at org.hibernate.event.internal.DefaultSaveOrUpdateEventListener.saveWithGeneratedOrRequestedId(DefaultSaveOrUpdateEventListener.java:204)
	at org.hibernate.event.internal.DefaultSaveOrUpdateEventListener.entityIsTransient(DefaultSaveOrUpdateEventListener.java:189)
	at org.hibernate.event.internal.DefaultSaveOrUpdateEventListener.performSaveOrUpdate(DefaultSaveOrUpdateEventListener.java:114)
	at org.hibernate.event.internal.DefaultSaveOrUpdateEventListener.onSaveOrUpdate(DefaultSaveOrUpdateEventListener.java:90)
	at org.hibernate.internal.SessionImpl.fireSaveOrUpdate(SessionImpl.java:641)
	at org.hibernate.internal.SessionImpl.saveOrUpdate(SessionImpl.java:633)
	at org.hibernate.internal.SessionImpl.saveOrUpdate(SessionImpl.java:629)
	at com.daoimpl.UsersImpl.saveOrUpdate(UsersImpl.java:22)
	at sun.reflect.NativeMethodAccessorImpl.invoke0(Native Method)
	at sun.reflect.NativeMethodAccessorImpl.invoke(NativeMethodAccessorImpl.java:62)
	at sun.reflect.DelegatingMethodAccessorImpl.invoke(DelegatingMethodAccessorImpl.java:43)
	at java.lang.reflect.Method.invoke(Method.java:498)
	at org.springframework.aop.support.AopUtils.invokeJoinpointUsingReflection(AopUtils.java:302)
	at org.springframework.aop.framework.ReflectiveMethodInvocation.invokeJoinpoint(ReflectiveMethodInvocation.java:190)
	at org.springframework.aop.framework.ReflectiveMethodInvocation.proceed(ReflectiveMethodInvocation.java:157)
	at org.springframework.transaction.interceptor.TransactionInterceptor$1.proceedWithInvocation(TransactionInterceptor.java:99)
	at org.springframework.transaction.interceptor.TransactionAspectSupport.invokeWithinTransaction(TransactionAspectSupport.java:281)
	at org.springframework.transaction.interceptor.TransactionInterceptor.invoke(TransactionInterceptor.java:96)
	at org.springframework.aop.framework.ReflectiveMethodInvocation.proceed(ReflectiveMethodInvocation.java:179)
	at org.springframework.aop.framework.JdkDynamicAopProxy.invoke(JdkDynamicAopProxy.java:208)
	at com.sun.proxy.$Proxy30.saveOrUpdate(Unknown Source)
	at com.daoimpl.TestUsers.test(TestUsers.java:51)
	at sun.reflect.NativeMethodAccessorImpl.invoke0(Native Method)
	at sun.reflect.NativeMethodAccessorImpl.invoke(NativeMethodAccessorImpl.java:62)
	at sun.reflect.DelegatingMethodAccessorImpl.invoke(DelegatingMethodAccessorImpl.java:43)
	at java.lang.reflect.Method.invoke(Method.java:498)
	at org.junit.runners.model.FrameworkMethod$1.runReflectiveCall(FrameworkMethod.java:50)
	at org.junit.internal.runners.model.ReflectiveCallable.run(ReflectiveCallable.java:12)
	at org.junit.runners.model.FrameworkMethod.invokeExplosively(FrameworkMethod.java:47)
	at org.junit.internal.runners.statements.InvokeMethod.evaluate(InvokeMethod.java:17)
	at org.junit.internal.runners.statements.RunBefores.evaluate(RunBefores.java:26)
	at org.junit.internal.runners.statements.RunAfters.evaluate(RunAfters.java:27)
	at org.junit.runners.ParentRunner.runLeaf(ParentRunner.java:325)
	at org.junit.runners.BlockJUnit4ClassRunner.runChild(BlockJUnit4ClassRunner.java:78)
	at org.junit.runners.BlockJUnit4ClassRunner.runChild(BlockJUnit4ClassRunner.java:57)
	at org.junit.runners.ParentRunner$3.run(ParentRunner.java:290)
	at org.junit.runners.ParentRunner$1.schedule(ParentRunner.java:71)
	at org.junit.runners.ParentRunner.runChildren(ParentRunner.java:288)
	at org.junit.runners.ParentRunner.access$000(ParentRunner.java:58)
	at org.junit.runners.ParentRunner$2.evaluate(ParentRunner.java:268)
	at org.junit.runners.ParentRunner.run(ParentRunner.java:363)
	at org.apache.maven.surefire.junit4.JUnit4Provider.execute(JUnit4Provider.java:252)
	at org.apache.maven.surefire.junit4.JUnit4Provider.executeTestSet(JUnit4Provider.java:141)
	at org.apache.maven.surefire.junit4.JUnit4Provider.invoke(JUnit4Provider.java:112)
	at sun.reflect.NativeMethodAccessorImpl.invoke0(Native Method)
	at sun.reflect.NativeMethodAccessorImpl.invoke(NativeMethodAccessorImpl.java:62)
	at sun.reflect.DelegatingMethodAccessorImpl.invoke(DelegatingMethodAccessorImpl.java:43)
	at java.lang.reflect.Method.invoke(Method.java:498)
	at org.apache.maven.surefire.util.ReflectionUtils.invokeMethodWithArray(ReflectionUtils.java:189)
	at org.apache.maven.surefire.booter.ProviderFactory$ProviderProxy.invoke(ProviderFactory.java:165)
	at org.apache.maven.surefire.booter.ProviderFactory.invokeProvider(ProviderFactory.java:85)
	at org.apache.maven.surefire.booter.ForkedBooter.runSuitesInProcess(ForkedBooter.java:115)
	at org.apache.maven.surefire.booter.ForkedBooter.main(ForkedBooter.java:75)
Caused by: com.mysql.jdbc.exceptions.jdbc4.MySQLIntegrityConstraintViolationException: Duplicate entry &apos;allam@gmail.com&apos; for key &apos;email&apos;
	at sun.reflect.NativeConstructorAccessorImpl.newInstance0(Native Method)
	at sun.reflect.NativeConstructorAccessorImpl.newInstance(NativeConstructorAccessorImpl.java:62)
	at sun.reflect.DelegatingConstructorAccessorImpl.newInstance(DelegatingConstructorAccessorImpl.java:45)
	at java.lang.reflect.Constructor.newInstance(Constructor.java:423)
	at com.mysql.jdbc.Util.handleNewInstance(Util.java:400)
	at com.mysql.jdbc.Util.getInstance(Util.java:383)
	at com.mysql.jdbc.SQLError.createSQLException(SQLError.java:973)
	at com.mysql.jdbc.MysqlIO.checkErrorPacket(MysqlIO.java:3847)
	at com.mysql.jdbc.MysqlIO.checkErrorPacket(MysqlIO.java:3783)
	at com.mysql.jdbc.MysqlIO.sendCommand(MysqlIO.java:2447)
	at com.mysql.jdbc.MysqlIO.sqlQueryDirect(MysqlIO.java:2594)
	at com.mysql.jdbc.ConnectionImpl.execSQL(ConnectionImpl.java:2545)
	at com.mysql.jdbc.PreparedStatement.executeInternal(PreparedStatement.java:1901)
	at com.mysql.jdbc.PreparedStatement.executeUpdate(PreparedStatement.java:2113)
	at com.mysql.jdbc.PreparedStatement.executeUpdate(PreparedStatement.java:2049)
	at com.mysql.jdbc.PreparedStatement.executeUpdate(PreparedStatement.java:2034)
	at org.apache.commons.dbcp.DelegatingPreparedStatement.executeUpdate(DelegatingPreparedStatement.java:105)
	at org.apache.commons.dbcp.DelegatingPreparedStatement.executeUpdate(DelegatingPreparedStatement.java:105)
	at sun.reflect.NativeMethodAccessorImpl.invoke0(Native Method)
	at sun.reflect.NativeMethodAccessorImpl.invoke(NativeMethodAccessorImpl.java:62)
	at sun.reflect.DelegatingMethodAccessorImpl.invoke(DelegatingMethodAccessorImpl.java:43)
	at java.lang.reflect.Method.invoke(Method.java:498)
	at org.hibernate.engine.jdbc.internal.proxy.AbstractStatementProxyHandler.continueInvocation(AbstractStatementProxyHandler.java:122)
	... 68 more
</error>
    <system-out>Hibernate: insert into tests.Users (email, phone, user_name) values (?, ?, ?)
</system-out>
    <system-err>avr. 08, 2018 3:53:37 PM org.springframework.context.support.ClassPathXmlApplicationContext prepareRefresh
INFOS: Refreshing org.springframework.context.support.ClassPathXmlApplicationContext@2aaf7cc2: startup date [Sun Apr 08 15:53:37 CEST 2018]; root of context hierarchy
avr. 08, 2018 3:53:37 PM org.springframework.beans.factory.xml.XmlBeanDefinitionReader loadBeanDefinitions
INFOS: Loading XML bean definitions from class path resource [context.xml]
avr. 08, 2018 3:53:39 PM org.hibernate.annotations.common.Version &lt;clinit&gt;
INFO: HCANN000001: Hibernate Commons Annotations {4.0.1.Final}
avr. 08, 2018 3:53:39 PM org.hibernate.Version logVersion
INFO: HHH000412: Hibernate Core {4.1.0.Final}
avr. 08, 2018 3:53:39 PM org.hibernate.cfg.Environment &lt;clinit&gt;
INFO: HHH000206: hibernate.properties not found
avr. 08, 2018 3:53:39 PM org.hibernate.cfg.Environment buildBytecodeProvider
INFO: HHH000021: Bytecode provider name : javassist
avr. 08, 2018 3:53:39 PM org.hibernate.dialect.Dialect &lt;init&gt;
INFO: HHH000400: Using dialect: org.hibernate.dialect.MySQLDialect
avr. 08, 2018 3:53:39 PM org.hibernate.engine.transaction.internal.TransactionFactoryInitiator initiateService
INFO: HHH000399: Using default transaction strategy (direct JDBC transactions)
avr. 08, 2018 3:53:39 PM org.hibernate.hql.internal.ast.ASTQueryTranslatorFactory &lt;init&gt;
INFO: HHH000397: Using ASTQueryTranslatorFactory
avr. 08, 2018 3:53:40 PM org.springframework.web.servlet.mvc.method.annotation.RequestMappingHandlerMapping register
INFOS: Mapped &quot;{[/child/delete],methods=[POST]}&quot; onto public java.util.Map&lt;java.lang.String, java.lang.Object&gt; com.controllers.ChildController.delete(com.entities.Child)
avr. 08, 2018 3:53:40 PM org.springframework.web.servlet.mvc.method.annotation.RequestMappingHandlerMapping register
INFOS: Mapped &quot;{[/child/saveOrUpdate],methods=[POST]}&quot; onto public java.util.Map&lt;java.lang.String, java.lang.Object&gt; com.controllers.ChildController.getSaved(com.entities.Child)
avr. 08, 2018 3:53:40 PM org.springframework.web.servlet.mvc.method.annotation.RequestMappingHandlerMapping register
INFOS: Mapped &quot;{[/child/page],methods=[GET]}&quot; onto public org.springframework.web.servlet.ModelAndView com.controllers.ChildController.getPage()
avr. 08, 2018 3:53:40 PM org.springframework.web.servlet.mvc.method.annotation.RequestMappingHandlerMapping register
INFOS: Mapped &quot;{[/child/list],methods=[POST]}&quot; onto public java.util.Map&lt;java.lang.String, java.lang.Object&gt; com.controllers.ChildController.getAll(com.entities.Child)
avr. 08, 2018 3:53:40 PM org.springframework.web.servlet.mvc.method.annotation.RequestMappingHandlerMapping register
INFOS: Mapped &quot;{[/users/hello],methods=[GET]}&quot; onto public org.springframework.web.servlet.ModelAndView com.controllers.HelloController.getPage()
avr. 08, 2018 3:53:40 PM org.springframework.web.servlet.mvc.method.annotation.RequestMappingHandlerMapping register
INFOS: Mapped &quot;{[/users/delete],methods=[POST]}&quot; onto public java.util.Map&lt;java.lang.String, java.lang.Object&gt; com.controllers.UsersController.delete(com.entities.Users)
avr. 08, 2018 3:53:40 PM org.springframework.web.servlet.mvc.method.annotation.RequestMappingHandlerMapping register
INFOS: Mapped &quot;{[/users/saveOrUpdate],methods=[POST]}&quot; onto public java.util.Map&lt;java.lang.String, java.lang.Object&gt; com.controllers.UsersController.getSaved(com.entities.Users)
avr. 08, 2018 3:53:40 PM org.springframework.web.servlet.mvc.method.annotation.RequestMappingHandlerMapping register
INFOS: Mapped &quot;{[/users/page],methods=[GET]}&quot; onto public org.springframework.web.servlet.ModelAndView com.controllers.UsersController.getPage()
avr. 08, 2018 3:53:40 PM org.springframework.web.servlet.mvc.method.annotation.RequestMappingHandlerMapping register
INFOS: Mapped &quot;{[/users/list],methods=[POST]}&quot; onto public java.util.Map&lt;java.lang.String, java.lang.Object&gt; com.controllers.UsersController.getAll(com.entities.Users)
avr. 08, 2018 3:53:40 PM org.springframework.web.servlet.mvc.method.annotation.RequestMappingHandlerAdapter initControllerAdviceCache
INFOS: Looking for @ControllerAdvice: org.springframework.context.support.ClassPathXmlApplicationContext@2aaf7cc2: startup date [Sun Apr 08 15:53:37 CEST 2018]; root of context hierarchy
avr. 08, 2018 3:53:40 PM org.springframework.web.servlet.mvc.method.annotation.RequestMappingHandlerAdapter initControllerAdviceCache
INFOS: Looking for @ControllerAdvice: org.springframework.context.support.ClassPathXmlApplicationContext@2aaf7cc2: startup date [Sun Apr 08 15:53:37 CEST 2018]; root of context hierarchy
avr. 08, 2018 3:53:40 PM org.springframework.web.servlet.handler.SimpleUrlHandlerMapping registerHandler
INFOS: Mapped URL path [/resources/**] onto handler &apos;org.springframework.web.servlet.resource.ResourceHttpRequestHandler#0&apos;
avr. 08, 2018 3:53:40 PM org.springframework.orm.hibernate4.HibernateTransactionManager afterPropertiesSet
INFOS: Using DataSource [org.apache.commons.dbcp.BasicDataSource@526e8108] of Hibernate SessionFactory for HibernateTransactionManager
avr. 08, 2018 3:53:41 PM org.hibernate.engine.jdbc.spi.SqlExceptionHelper logExceptions
WARN: SQL Error: 1062, SQLState: 23000
avr. 08, 2018 3:53:41 PM org.hibernate.engine.jdbc.spi.SqlExceptionHelper logExceptions
ERROR: Duplicate entry &apos;allam@gmail.com&apos; for key &apos;email&apos;
avr. 08, 2018 3:53:41 PM org.springframework.context.support.ClassPathXmlApplicationContext doClose
INFOS: Closing org.springframework.context.support.ClassPathXmlApplicationContext@2aaf7cc2: startup date [Sun Apr 08 15:53:37 CEST 2018]; root of context hierarchy
</system-err>
  </testcase>
</testsuite>